[2016-09-18 16:25:40.235] [DEBUG] stats - init socket io
[2016-09-18 16:25:40.245] [DEBUG] stats - boot at port 80
[2016-09-18 16:25:50.095] [DEBUG] stats - init socket io
[2016-09-18 16:25:50.105] [DEBUG] stats - boot at port 80
[2016-09-18 16:26:07.516] [DEBUG] stats - init socket io
[2016-09-18 16:26:07.527] [DEBUG] stats - boot at port 80
[2016-09-18 16:27:51.661] [DEBUG] stats - init socket io
[2016-09-18 16:27:51.672] [DEBUG] stats - boot at port 80
[2016-09-18 16:32:37.320] [DEBUG] stats - init socket io
[2016-09-18 16:32:37.331] [DEBUG] stats - boot at port 80
[2016-09-18 16:33:44.978] [DEBUG] stats - init socket io
[2016-09-18 16:33:44.989] [DEBUG] stats - boot at port 80
[2016-09-18 16:40:37.470] [DEBUG] stats - init socket io
[2016-09-18 16:40:37.611] [DEBUG] stats - init all modules
[2016-09-18 16:40:37.623] [DEBUG] stats - boot at port 80
[2016-09-18 16:40:37.630] [INFO] stats - redis connected success
[2016-09-18 16:41:36.865] [DEBUG] stats - init socket io
[2016-09-18 16:41:36.924] [DEBUG] stats - boot at port 80
[2016-09-18 16:41:36.927] [DEBUG] stats - redis init success
[2016-09-18 16:43:12.403] [DEBUG] stats - init socket io
[2016-09-18 16:43:12.496] [DEBUG] stats - boot at port 80
[2016-09-18 16:43:12.502] [DEBUG] stats - redis init success
[2016-09-18 16:44:09.394] [DEBUG] stats - init socket io
[2016-09-18 16:44:09.490] [DEBUG] stats - boot at port 80
[2016-09-18 16:44:09.495] [DEBUG] stats - redis init success
[2016-09-18 16:47:45.809] [INFO] stats - /#yKgchxIeNYfIPZQpAAAAdonnection success
[2016-09-18 16:49:31.625] [INFO] stats - /#GawYBCoL0QfnhT_0AAABdonnection success
[2016-09-18 16:53:43.676] [INFO] stats - /#rUb-1TrQBwjua6A9AAACdonnection success
[2016-09-18 16:53:45.714] [INFO] stats - /#WfTun_YZJJf1I94oAAADdonnection success
[2016-09-18 16:53:48.735] [INFO] stats - /#6Hm6ZwJy35hPhfLzAAAEdonnection success
[2016-09-18 16:53:48.741] [INFO] stats - /#GMFH9c-mcrW-UXU6AAAFdonnection success
[2016-09-18 16:53:48.745] [INFO] stats - /#9jYWevfmCvqRIqdnAAAGdonnection success
[2016-09-18 16:53:48.748] [INFO] stats - /#djdw6CPAF3FEIfBnAAAHdonnection success
[2016-09-18 16:53:48.755] [INFO] stats - /#uZ3U7Wrk4Xff1BeLAAAIdonnection success
[2016-09-18 16:53:48.758] [INFO] stats - /#eemIIn_rbwxd8ihdAAAJdonnection success
[2016-09-18 16:53:48.761] [INFO] stats - /#6ft436DnwLYDR5SaAAAKdonnection success
[2016-09-18 16:53:48.765] [INFO] stats - /#56LUYRZaw11q3WphAAALdonnection success
[2016-09-18 16:53:48.796] [INFO] stats - /#oOGoR_RKdJ3V8gFHAAAMdonnection success
[2016-09-18 16:53:48.804] [INFO] stats - /#ZWqq_sWNod9ocjIDAAANdonnection success
[2016-09-18 16:55:36.647] [DEBUG] stats - init socket io
[2016-09-18 16:55:36.749] [DEBUG] stats - boot at port 80
[2016-09-18 16:55:36.755] [DEBUG] stats - redis init success
[2016-09-18 16:55:36.785] [INFO] stats - /#xVeDvCQW44SfUbnNAAAAdonnection success
[2016-09-18 16:55:36.809] [INFO] stats - /#4aYB1ZUvZ7mJ1ra3AAABdonnection success
[2016-09-18 16:55:36.912] [INFO] stats - /#83y8ge1RHPTZLiVSAAACdonnection success
[2016-09-18 16:58:35.954] [INFO] stats - /#xVeDvCQW44SfUbnNAAAAdisconnect
[2016-09-18 16:58:53.652] [DEBUG] stats - init socket io
[2016-09-18 16:58:53.747] [DEBUG] stats - boot at port 80
[2016-09-18 16:58:53.764] [INFO] stats - /#bbG_msNJ8JE9YNcQAAAA       donnection success
[2016-09-18 16:58:53.767] [DEBUG] stats - redis init success
[2016-09-18 16:58:54.157] [INFO] stats - /#Ru0dsKTSB9p543xiAAAB       donnection success
[2016-09-18 16:59:47.340] [INFO] stats - /#Ru0dsKTSB9p543xiAAAB          disconnect
[2016-09-18 16:59:49.595] [INFO] stats - /#bbG_msNJ8JE9YNcQAAAA          disconnect
[2016-09-18 16:59:54.571] [DEBUG] stats - init socket io
[2016-09-18 16:59:54.673] [DEBUG] stats - boot at port 80
[2016-09-18 16:59:54.678] [DEBUG] stats - redis init success
[2016-09-18 17:00:57.843] [INFO] stats - /#1F6UjkV-bnFG8yXLAAAA       donnection success
[2016-09-18 17:02:37.082] [INFO] stats - /#1F6UjkV-bnFG8yXLAAAA          disconnect
[2016-09-18 17:02:38.075] [INFO] stats - /#3jhBAIALqy1WiTmzAAAB       donnection success
[2016-09-18 17:02:48.785] [DEBUG] stats - init socket io
[2016-09-18 17:02:48.880] [DEBUG] stats - boot at port 80
[2016-09-18 17:02:48.886] [DEBUG] stats - redis init success
[2016-09-18 17:02:49.306] [INFO] stats - /#aLDYCrPRPsG6zFWXAAAA       donnection success
[2016-09-18 17:02:49.306] [INFO] stats - /socket.io/?access_token=123&EIO=3&transport=polling
[2016-09-18 17:10:08.057] [DEBUG] stats - init socket io
[2016-09-18 17:10:08.162] [DEBUG] stats - boot at port 80
[2016-09-18 17:10:08.168] [DEBUG] stats - redis init success
[2016-09-18 17:10:08.645] [INFO] stats - /#Qn60dvjujVGysFzwAAAA       donnection success
[2016-09-18 17:10:27.847] [DEBUG] stats - init socket io
[2016-09-18 17:10:27.953] [DEBUG] stats - boot at port 80
[2016-09-18 17:10:27.958] [DEBUG] stats - redis init success
[2016-09-18 17:10:29.712] [INFO] stats - /#9CUBGyU78S-gCapWAAAA       donnection success
[2016-09-18 17:10:29.712] [INFO] stats - /socket.io/?access_token=123&EIO=3&transport=polling
[2016-09-18 17:11:14.403] [INFO] stats - /#9CUBGyU78S-gCapWAAAA          disconnect
[2016-09-18 17:11:16.131] [INFO] stats - /#skPKIYjx52x8eacWAAAB       donnection success
[2016-09-18 17:11:16.132] [INFO] stats - /socket.io/?access_token=123&EIO=3&transport=polling
[2016-09-18 17:11:16.418] [INFO] stats - register Tristan
[2016-09-18 17:11:29.158] [INFO] stats - /#skPKIYjx52x8eacWAAAB          disconnect
[2016-09-18 17:11:30.395] [INFO] stats - /#bLXcw4pEGU2KAn2lAAAC       donnection success
[2016-09-18 17:11:30.395] [INFO] stats - /socket.io/?access_token=123&EIO=3&transport=polling
[2016-09-18 17:12:02.724] [INFO] stats - register Tristan
[2016-09-18 17:14:43.874] [DEBUG] stats - init socket io
[2016-09-18 17:14:43.995] [DEBUG] stats - boot at port 80
[2016-09-18 17:14:44.000] [DEBUG] stats - redis init success
[2016-09-18 17:14:44.455] [INFO] stats - /#JxEbml1jcJje5lttAAAA       donnection success
[2016-09-18 17:14:44.455] [INFO] stats - /socket.io/?access_token=123&EIO=3&transport=polling
[2016-09-18 17:14:44.482] [INFO] stats - register Tristan
[2016-09-18 17:14:52.956] [DEBUG] stats - init socket io
[2016-09-18 17:14:53.072] [DEBUG] stats - boot at port 80
[2016-09-18 17:14:53.077] [DEBUG] stats - redis init success
[2016-09-18 17:14:55.785] [INFO] stats - /#ToGg0Z1Q_Bcx9KD6AAAA       donnection success
[2016-09-18 17:14:55.785] [INFO] stats - /socket.io/?access_token=123&EIO=3&transport=polling
[2016-09-18 17:14:55.799] [INFO] stats - register Tristan
[2016-09-18 17:15:40.999] [DEBUG] stats - init socket io
[2016-09-18 17:15:41.119] [DEBUG] stats - boot at port 80
[2016-09-18 17:15:41.138] [INFO] stats - /#phrI1e6mIqb0u4sZAAAA       donnection success
[2016-09-18 17:15:41.138] [INFO] stats - /socket.io/?access_token=123&EIO=3&transport=polling
[2016-09-18 17:15:41.140] [DEBUG] stats - redis init success
[2016-09-18 17:15:41.160] [INFO] stats - register Tristan
[2016-09-18 17:15:41.162] [INFO] stats - register OK
[2016-09-18 17:21:22.142] [DEBUG] stats - init socket io
[2016-09-18 17:21:22.256] [DEBUG] stats - boot at port 80
[2016-09-18 17:21:22.262] [DEBUG] stats - redis init success
[2016-09-18 17:21:22.886] [INFO] stats - /#LbHkTYLkERTbWP5UAAAA       donnection success
[2016-09-18 17:21:22.887] [INFO] stats - /socket.io/?access_token=123&EIO=3&transport=polling
[2016-09-18 17:21:22.910] [INFO] stats - register Tristan
[2016-09-18 17:21:22.912] [INFO] stats - register OK
[2016-09-18 17:23:31.170] [DEBUG] stats - init socket io
[2016-09-18 17:23:31.294] [DEBUG] stats - boot at port 80
[2016-09-18 17:23:31.300] [DEBUG] stats - redis init success
[2016-09-18 17:23:31.676] [INFO] stats - /#ACYZC0s_LBekfn6sAAAA       donnection success
[2016-09-18 17:23:54.479] [DEBUG] stats - init socket io
[2016-09-18 17:23:54.670] [DEBUG] stats - boot at port 80
[2016-09-18 17:23:54.676] [DEBUG] stats - redis init success
[2016-09-18 17:23:54.969] [INFO] stats - /#2np7ura4BrB9oVkiAAAA       donnection success
[2016-09-18 17:24:29.586] [DEBUG] stats - init socket io
[2016-09-18 17:24:29.769] [DEBUG] stats - boot at port 80
[2016-09-18 17:24:29.775] [DEBUG] stats - redis init success
[2016-09-18 17:24:30.173] [INFO] stats - /#juPrLuHxA0_kfQHqAAAA       donnection success
[2016-09-18 17:25:03.746] [DEBUG] stats - init socket io
[2016-09-18 17:25:03.929] [DEBUG] stats - boot at port 80
[2016-09-18 17:25:03.935] [DEBUG] stats - redis init success
[2016-09-18 17:25:06.894] [INFO] stats - /#dcuwRu8pae9LD2H4AAAA       donnection success
[2016-09-18 17:25:06.896] [INFO] stats - /socket.io/?access_token=123&EIO=3&transport=polling
[2016-09-18 17:25:09.917] [INFO] stats - {"access_token":"123","EIO":"3","transport":"polling"}
[2016-09-18 17:26:04.771] [DEBUG] stats - init socket io
[2016-09-18 17:26:04.890] [DEBUG] stats - boot at port 80
[2016-09-18 17:26:04.895] [DEBUG] stats - redis init success
[2016-09-18 17:27:03.795] [INFO] stats - /#yOERHO_wGv3dIRwKAAAA       donnection success
[2016-09-18 17:27:03.795] [INFO] stats - /socket.io/?access_token=123&EIO=3&transport=polling
[2016-09-18 17:27:03.795] [INFO] stats - {"access_token":"123","EIO":"3","transport":"polling"}
[2016-09-18 17:27:29.811] [DEBUG] stats - init socket io
[2016-09-18 17:27:29.933] [DEBUG] stats - boot at port 80
[2016-09-18 17:27:29.939] [DEBUG] stats - redis init success
[2016-09-18 17:29:47.866] [INFO] stats - /#yRBMLXayTlFK2eVhAAAA       donnection success
[2016-09-18 17:29:47.866] [INFO] stats - /socket.io/?access_token=123&EIO=3&transport=polling
[2016-09-18 17:29:47.866] [INFO] stats - {"access_token":"123","EIO":"3","transport":"polling"}
[2016-09-18 17:31:32.048] [DEBUG] stats - init socket io
[2016-09-18 17:31:32.219] [DEBUG] stats - boot at port 80
[2016-09-18 17:31:32.226] [DEBUG] stats - redis init success
[2016-09-18 17:31:52.365] [INFO] stats - /#MBouMPOtod4TJcegAAAA       donnection success
[2016-09-18 17:31:52.365] [INFO] stats - /socket.io/?access_token=123&EIO=3&transport=polling
[2016-09-18 17:31:52.365] [INFO] stats - {"access_token":"123","EIO":"3","transport":"polling"}
[2016-09-18 17:31:52.697] [INFO] stats - register Tristan
[2016-09-18 17:31:52.700] [INFO] stats - register OK
[2016-09-18 17:32:16.647] [INFO] stats - /#B930U4MEqRxWTicLAAAB       donnection success
[2016-09-18 17:32:16.649] [INFO] stats - /socket.io/?access_token=123&EIO=3&transport=polling
[2016-09-18 17:32:16.651] [INFO] stats - {"access_token":"123","EIO":"3","transport":"polling"}
[2016-09-18 17:32:51.721] [INFO] stats - register Tristan
[2016-09-18 17:32:51.725] [INFO] stats - register OK
[2016-09-18 17:33:36.710] [DEBUG] stats - init socket io
[2016-09-18 17:33:36.835] [DEBUG] stats - boot at port 80
[2016-09-18 17:33:36.841] [DEBUG] stats - redis init success
[2016-09-18 17:33:37.187] [INFO] stats - /#MQkq2QFn8sN1PLoAAAAA       donnection success
[2016-09-18 17:33:37.187] [INFO] stats - /socket.io/?access_token=123&EIO=3&transport=polling
[2016-09-18 17:33:37.187] [INFO] stats - {"access_token":"123","EIO":"3","transport":"polling"}
[2016-09-18 17:33:37.203] [INFO] stats - register Tristan
[2016-09-18 17:33:37.205] [INFO] stats - register OK
[2016-09-18 17:33:57.797] [DEBUG] stats - init socket io
[2016-09-18 17:33:57.961] [DEBUG] stats - boot at port 80
[2016-09-18 17:33:57.983] [INFO] stats - /#5JZIHQHcnooLFLSsAAAA       donnection success
[2016-09-18 17:33:57.983] [INFO] stats - /socket.io/?access_token=123&EIO=3&transport=polling
[2016-09-18 17:33:57.983] [INFO] stats - auth
[2016-09-18 17:33:57.984] [INFO] stats - {"access_token":"123","EIO":"3","transport":"polling"}
[2016-09-18 17:33:57.985] [DEBUG] stats - redis init success
[2016-09-18 17:33:58.009] [INFO] stats - register Tristan
[2016-09-18 17:33:58.012] [INFO] stats - register OK
[2016-09-18 17:34:17.763] [INFO] stats - /#a_LdI3feibjw-zIlAAAB       donnection success
[2016-09-18 17:34:17.763] [INFO] stats - /socket.io/?access_token=123&EIO=3&transport=polling
[2016-09-18 17:34:17.763] [INFO] stats - auth
[2016-09-18 17:34:17.763] [INFO] stats - {"access_token":"123","EIO":"3","transport":"polling"}
[2016-09-18 17:34:18.069] [INFO] stats - register Tristan
[2016-09-18 17:34:18.071] [INFO] stats - register OK
[2016-09-18 17:34:40.824] [DEBUG] stats - init socket io
[2016-09-18 17:34:40.954] [DEBUG] stats - boot at port 80
[2016-09-18 17:34:40.960] [DEBUG] stats - redis init success
[2016-09-18 17:34:41.221] [INFO] stats - /#V5oxyANzjb_08ZADAAAA       donnection success
[2016-09-18 17:34:41.221] [INFO] stats - /socket.io/?access_token=123&EIO=3&transport=polling
[2016-09-18 17:34:41.221] [INFO] stats - auth
[2016-09-18 17:34:41.221] [INFO] stats - {"access_token":"123","EIO":"3","transport":"polling"}
[2016-09-18 17:34:41.239] [INFO] stats - register Tristan
[2016-09-18 17:34:41.241] [INFO] stats - register OK
[2016-09-18 17:41:14.760] [DEBUG] stats - init socket io
[2016-09-18 17:41:14.820] [DEBUG] stats - boot at port 80
[2016-09-18 17:41:14.824] [DEBUG] stats - redis init success
[2016-09-18 17:41:15.768] [INFO] stats - /#tg6t7nOQEFF1p2WIAAAA       donnection success
[2016-09-18 17:41:15.768] [INFO] stats - /socket.io/?access_token=123&EIO=3&transport=polling
[2016-09-18 17:41:15.768] [INFO] stats - auth
[2016-09-18 17:41:15.768] [INFO] stats - {"access_token":"123","EIO":"3","transport":"polling"}
[2016-09-18 17:41:15.783] [INFO] stats - register Tristan
[2016-09-18 17:41:15.786] [INFO] stats - register OK
[2016-09-18 17:41:24.164] [DEBUG] stats - init socket io
[2016-09-18 17:41:24.221] [DEBUG] stats - boot at port 80
[2016-09-18 17:41:24.224] [DEBUG] stats - redis init success
[2016-09-18 17:41:24.899] [INFO] stats - /#dvqOCE5ZGA42PfwiAAAA       donnection success
[2016-09-18 17:41:24.899] [INFO] stats - /socket.io/?access_token=123&EIO=3&transport=polling
[2016-09-18 17:41:24.899] [INFO] stats - auth
[2016-09-18 17:41:24.899] [INFO] stats - {"access_token":"123","EIO":"3","transport":"polling"}
[2016-09-18 17:41:24.913] [INFO] stats - register Tristan
[2016-09-18 17:41:24.919] [INFO] stats - register OK
[2016-09-18 17:41:30.762] [DEBUG] stats - init socket io
[2016-09-18 17:41:30.957] [DEBUG] stats - boot at port 80
[2016-09-18 17:41:30.964] [DEBUG] stats - redis init success
[2016-09-18 17:41:31.856] [INFO] stats - /#vKbZrqvbRgFMtZ4dAAAA       donnection success
[2016-09-18 17:41:31.856] [INFO] stats - /socket.io/?access_token=123&EIO=3&transport=polling
[2016-09-18 17:41:31.856] [INFO] stats - auth
[2016-09-18 17:41:31.857] [INFO] stats - {"access_token":"123","EIO":"3","transport":"polling"}
[2016-09-18 17:42:27.009] [INFO] stats - register Tristan
[2016-09-18 17:42:27.015] [INFO] stats - register OK
[2016-09-18 17:42:30.524] [DEBUG] stats - init socket io
[2016-09-18 17:42:30.706] [DEBUG] stats - boot at port 80
[2016-09-18 17:42:30.712] [DEBUG] stats - redis init success
[2016-09-18 17:42:31.033] [INFO] stats - /#M9o76gNbNOdxz62iAAAA       donnection success
[2016-09-18 17:42:31.034] [INFO] stats - /socket.io/?access_token=123&EIO=3&transport=polling
[2016-09-18 17:42:31.034] [INFO] stats - auth
[2016-09-18 17:42:31.034] [INFO] stats - {"access_token":"123","EIO":"3","transport":"polling"}
[2016-09-18 17:42:34.109] [INFO] stats - register Tristan
[2016-09-18 17:42:34.113] [INFO] stats - register OK
[2016-09-18 17:42:53.707] [DEBUG] stats - init socket io
[2016-09-18 17:42:53.889] [DEBUG] stats - boot at port 80
[2016-09-18 17:42:53.895] [DEBUG] stats - redis init success
[2016-09-18 17:42:54.050] [INFO] stats - /#pjBbIl2yabwWxWz6AAAA       donnection success
[2016-09-18 17:42:54.051] [INFO] stats - /socket.io/?access_token=123&EIO=3&transport=polling
[2016-09-18 17:42:54.051] [INFO] stats - auth
[2016-09-18 17:42:54.051] [INFO] stats - {"access_token":"123","EIO":"3","transport":"polling"}
[2016-09-18 17:43:09.267] [INFO] stats - register Tristan
[2016-09-18 17:43:09.274] [INFO] stats - register OK
[2016-09-18 17:43:31.269] [DEBUG] stats - init socket io
[2016-09-18 17:43:31.388] [DEBUG] stats - boot at port 80
[2016-09-18 17:43:31.394] [DEBUG] stats - redis init success
[2016-09-18 17:43:31.802] [INFO] stats - /#ln4l0BnGzJMsMRDTAAAA       donnection success
[2016-09-18 17:43:31.803] [INFO] stats - /socket.io/?access_token=123&EIO=3&transport=polling
[2016-09-18 17:43:31.803] [INFO] stats - auth
[2016-09-18 17:43:31.803] [INFO] stats - {"access_token":"123","EIO":"3","transport":"polling"}
[2016-09-18 17:43:44.262] [DEBUG] stats - init socket io
[2016-09-18 17:43:44.390] [DEBUG] stats - boot at port 80
[2016-09-18 17:43:44.396] [DEBUG] stats - redis init success
[2016-09-18 17:44:17.263] [DEBUG] stats - init socket io
[2016-09-18 17:44:17.379] [DEBUG] stats - boot at port 80
[2016-09-18 17:44:17.385] [DEBUG] stats - redis init success
[2016-09-18 17:44:30.287] [DEBUG] stats - init socket io
[2016-09-18 17:44:30.407] [DEBUG] stats - boot at port 80
[2016-09-18 17:44:30.412] [DEBUG] stats - redis init success
[2016-09-18 17:44:46.163] [INFO] stats - /#B4oTyrRJoDI4lZm2AAAA       donnection success
[2016-09-18 17:44:46.163] [INFO] stats - /socket.io/?access_token=123&EIO=3&transport=polling
[2016-09-18 17:44:46.163] [INFO] stats - auth
[2016-09-18 17:44:46.164] [INFO] stats - {"access_token":"123","EIO":"3","transport":"polling"}
[2016-09-18 17:45:18.331] [DEBUG] stats - init socket io
[2016-09-18 17:45:18.451] [DEBUG] stats - boot at port 80
[2016-09-18 17:45:18.457] [DEBUG] stats - redis init success
[2016-09-18 17:45:28.223] [INFO] stats - /#ryp7VKnTJ5fMl1s5AAAA       donnection success
[2016-09-18 17:45:28.223] [INFO] stats - /socket.io/?access_token=123&EIO=3&transport=polling
[2016-09-18 17:45:28.223] [INFO] stats - auth
[2016-09-18 17:45:28.223] [INFO] stats - {"access_token":"123","EIO":"3","transport":"polling"}
[2016-09-18 17:46:41.429] [DEBUG] stats - init socket io
[2016-09-18 17:46:41.548] [DEBUG] stats - boot at port 80
[2016-09-18 17:46:41.554] [DEBUG] stats - redis init success
[2016-09-18 17:46:57.000] [INFO] stats - /#cDbcjTMIHU0RhiQ7AAAA       donnection success
[2016-09-18 17:46:57.000] [INFO] stats - /socket.io/?access_token=123&EIO=3&transport=polling
[2016-09-18 17:46:57.000] [INFO] stats - /#cDbcjTMIHU0RhiQ7AAAAstart auth
[2016-09-18 17:46:57.001] [INFO] stats - {"access_token":"123","EIO":"3","transport":"polling"}
[2016-09-18 17:47:24.458] [DEBUG] stats - init socket io
[2016-09-18 17:47:24.578] [DEBUG] stats - boot at port 80
[2016-09-18 17:47:24.584] [DEBUG] stats - redis init success
[2016-09-18 17:47:29.668] [INFO] stats - /#yZmK4sLC7hgeKZ6IAAAA       connection success
[2016-09-18 17:47:29.668] [INFO] stats - /socket.io/?access_token=123&EIO=3&transport=polling
[2016-09-18 17:47:29.668] [INFO] stats - /#yZmK4sLC7hgeKZ6IAAAAstart auth
[2016-09-18 17:47:29.668] [INFO] stats - {"access_token":"123","EIO":"3","transport":"polling"}
[2016-09-18 17:48:22.462] [DEBUG] stats - init socket io
[2016-09-18 17:48:22.584] [DEBUG] stats - boot at port 80
[2016-09-18 17:48:22.590] [DEBUG] stats - redis init success
[2016-09-18 17:48:28.442] [DEBUG] stats - init socket io
[2016-09-18 17:48:28.562] [DEBUG] stats - boot at port 80
[2016-09-18 17:48:28.568] [DEBUG] stats - redis init success
[2016-09-18 17:48:37.276] [INFO] stats - /#rh5uBZqkGcESOhhBAAAA       connection success
[2016-09-18 17:48:37.277] [INFO] stats - /socket.io/?access_token=123&EIO=3&transport=polling
[2016-09-18 17:48:37.277] [INFO] stats - /#rh5uBZqkGcESOhhBAAAA   start auth
[2016-09-18 17:48:37.278] [INFO] stats - /#rh5uBZqkGcESOhhBAAAA     auth falure and disconnect
[2016-09-18 17:49:11.835] [INFO] stats - /#oelN0VVgsAFAQ63-AAAB       connection success
[2016-09-18 17:49:11.835] [INFO] stats - /socket.io/?access_token=123&EIO=3&transport=polling&client_id=demo
[2016-09-18 17:49:11.835] [INFO] stats - /#oelN0VVgsAFAQ63-AAAB   start auth
[2016-09-18 17:49:11.835] [INFO] stats - /#oelN0VVgsAFAQ63-AAAB     auth success and getconnect
[2016-09-18 17:49:12.105] [INFO] stats - register Tristan
[2016-09-18 17:49:12.109] [INFO] stats - register OK
[2016-09-18 17:50:06.527] [INFO] stats - /#k-ee2rNxmYpwP4ysAAAC       connection success
[2016-09-18 17:50:06.527] [INFO] stats - /socket.io/?access_token=123&EIO=3&transport=polling&client_id=demo
[2016-09-18 17:50:06.527] [INFO] stats - /#k-ee2rNxmYpwP4ysAAAC   start auth
[2016-09-18 17:50:06.527] [INFO] stats - /#k-ee2rNxmYpwP4ysAAAC     auth success and getconnect
[2016-09-18 17:51:43.778] [INFO] stats - /#OJqPqgOlwEYziyKJAAAD       connection success
[2016-09-18 17:51:43.780] [INFO] stats - /socket.io/?access_token=123&EIO=3&transport=polling&client_id=demo
[2016-09-18 17:51:43.780] [INFO] stats - /#OJqPqgOlwEYziyKJAAAD   start auth
[2016-09-18 17:51:43.780] [INFO] stats - /#OJqPqgOlwEYziyKJAAAD     auth success and getconnect
[2016-09-18 17:52:07.804] [INFO] stats - /#a_teFdyFh_TrQcorAAAE       connection success
[2016-09-18 17:52:07.804] [INFO] stats - /socket.io/?access_token=123&EIO=3&transport=polling&client_id=demo
[2016-09-18 17:52:07.804] [INFO] stats - /#a_teFdyFh_TrQcorAAAE   start auth
[2016-09-18 17:52:07.804] [INFO] stats - /#a_teFdyFh_TrQcorAAAE     auth success and getconnect
[2016-09-18 17:52:45.571] [DEBUG] stats - init socket io
[2016-09-18 17:52:45.693] [DEBUG] stats - boot at port 80
[2016-09-18 17:52:45.698] [DEBUG] stats - redis init success
[2016-09-18 17:52:46.042] [INFO] stats - /#mEiWQRW7PGMTaxDkAAAA       connection success
[2016-09-18 17:53:20.013] [DEBUG] stats - init socket io
[2016-09-18 17:53:20.143] [DEBUG] stats - boot at port 80
[2016-09-18 17:53:20.148] [DEBUG] stats - redis init success
[2016-09-18 17:53:20.370] [INFO] stats - /#ayiUaHD61BKeGLbFAAAA       connection success
[2016-09-18 17:53:20.371] [INFO] stats - /#ayiUaHD61BKeGLbFAAAA   start auth with /socket.io/?access_token=123&EIO=3&transport=polling&client_id=demo
[2016-09-18 17:53:20.371] [INFO] stats - /#ayiUaHD61BKeGLbFAAAA     auth success and getconnect
[2016-09-18 17:53:23.995] [INFO] stats - /#FuSZ8Hqjq9r5ZcDdAAAB       connection success
[2016-09-18 17:53:23.995] [INFO] stats - /#FuSZ8Hqjq9r5ZcDdAAAB   start auth with /socket.io/?access_token=123&EIO=3&transport=polling&client_id=demo
[2016-09-18 17:53:23.995] [INFO] stats - /#FuSZ8Hqjq9r5ZcDdAAAB     auth success and getconnect
[2016-09-18 17:53:57.028] [DEBUG] stats - init socket io
[2016-09-18 17:53:57.148] [DEBUG] stats - boot at port 80
[2016-09-18 17:53:57.154] [DEBUG] stats - redis init success
[2016-09-18 17:53:57.622] [INFO] stats - /#IGyBNoJqDslhAb81AAAA---connection success
[2016-09-18 17:53:57.622] [INFO] stats - /#IGyBNoJqDslhAb81AAAA---start auth with /socket.io/?access_token=123&EIO=3&transport=polling&client_id=demo
[2016-09-18 17:53:57.622] [INFO] stats - /#IGyBNoJqDslhAb81AAAA---auth success and getconnect
[2016-09-18 17:53:57.678] [INFO] stats - /#he5eAejLjX0GzT6YAAAB---connection success
[2016-09-18 17:53:57.679] [INFO] stats - /#he5eAejLjX0GzT6YAAAB---start auth with /socket.io/?access_token=123&EIO=3&transport=polling&client_id=demo
[2016-09-18 17:53:57.679] [INFO] stats - /#he5eAejLjX0GzT6YAAAB---auth success and getconnect
[2016-09-18 18:08:15.458] [DEBUG] stats - init socket io
[2016-09-18 18:08:15.594] [DEBUG] stats - boot at port 80
[2016-09-18 18:08:15.600] [DEBUG] stats - redis init success
[2016-09-18 18:08:15.634] [INFO] stats - /#opqGXQytfA5OZ1psAAAA---connection success
[2016-09-18 18:08:35.853] [DEBUG] stats - init socket io
[2016-09-18 18:08:35.987] [DEBUG] stats - boot at port 80
[2016-09-18 18:08:35.993] [DEBUG] stats - redis init success
[2016-09-18 18:08:36.301] [INFO] stats - /#WF36dqA6liuet1YLAAAA---connection success
[2016-09-18 18:08:36.301] [INFO] stats - /#WF36dqA6liuet1YLAAAA---start auth with /socket.io/?access_token=123&EIO=3&transport=polling&client_id=demo
[2016-09-18 18:08:52.610] [DEBUG] stats - init socket io
[2016-09-18 18:08:52.740] [DEBUG] stats - boot at port 80
[2016-09-18 18:08:52.745] [DEBUG] stats - redis init success
[2016-09-18 18:08:54.988] [INFO] stats - /#2Z4SfPDplqL8EkDuAAAA---connection success
[2016-09-18 18:08:54.989] [INFO] stats - /#2Z4SfPDplqL8EkDuAAAA---start auth with /socket.io/?access_token=123&EIO=3&transport=polling&client_id=demo
[2016-09-18 18:08:55.004] [INFO] stats - /#2Z4SfPDplqL8EkDuAAAA---auth success and getconnect
[2016-09-18 18:08:57.520] [INFO] stats - /#iN7ZKnuLSmHPjRyjAAAB---connection success
[2016-09-18 18:08:57.521] [INFO] stats - /#iN7ZKnuLSmHPjRyjAAAB---start auth with /socket.io/?access_token=123&EIO=3&transport=polling&client_id=demo
[2016-09-18 18:08:57.529] [INFO] stats - /#iN7ZKnuLSmHPjRyjAAAB---auth falure and disconnect
[2016-09-18 18:09:28.344] [INFO] stats - /#pQb5EMeK6IzdfUG6AAAC---connection success
[2016-09-18 18:09:28.345] [INFO] stats - /#pQb5EMeK6IzdfUG6AAAC---start auth with /socket.io/?access_token=123&EIO=3&transport=polling&client_id=demo
[2016-09-18 18:09:28.346] [INFO] stats - /#pQb5EMeK6IzdfUG6AAAC---auth falure and disconnect
[2016-09-18 18:11:50.120] [INFO] stats - /#53aSIZ8o5dwReEwiAAAD---connection success
[2016-09-18 18:11:50.120] [INFO] stats - /#53aSIZ8o5dwReEwiAAAD---start auth with /socket.io/?access_token=1234&EIO=3&transport=polling&client_id=demo
[2016-09-18 18:11:50.121] [INFO] stats - /#53aSIZ8o5dwReEwiAAAD---auth success and getconnect
[2016-09-18 18:12:00.824] [INFO] stats - /#U3KHZCzMgNuSefLWAAAE---connection success
[2016-09-18 18:12:00.824] [INFO] stats - /#U3KHZCzMgNuSefLWAAAE---start auth with /socket.io/?access_token=1235&EIO=3&transport=polling&client_id=demo
[2016-09-18 18:12:00.828] [INFO] stats - /#U3KHZCzMgNuSefLWAAAE---auth success and getconnect
[2016-09-18 18:13:25.781] [DEBUG] stats - init socket io
[2016-09-18 18:13:25.914] [DEBUG] stats - boot at port 80
[2016-09-18 18:13:25.934] [INFO] stats - /#YS6y74ZeGz9qobYEAAAA---connection success
[2016-09-18 18:13:25.935] [INFO] stats - /#YS6y74ZeGz9qobYEAAAA---start auth with /socket.io/?access_token=1234&EIO=3&transport=polling&client_id=demo
[2016-09-18 18:13:25.937] [DEBUG] stats - redis init success
[2016-09-18 18:13:25.950] [INFO] stats - /#YS6y74ZeGz9qobYEAAAA---auth falure and disconnect
[2016-09-18 18:13:26.119] [INFO] stats - /#Y15pIaH2QJyGkaNHAAAB---connection success
[2016-09-18 18:13:26.119] [INFO] stats - /#Y15pIaH2QJyGkaNHAAAB---start auth with /socket.io/?access_token=1235&EIO=3&transport=polling&client_id=demo
[2016-09-18 18:13:26.122] [INFO] stats - /#Y15pIaH2QJyGkaNHAAAB---auth falure and disconnect
[2016-09-18 18:25:08.250] [DEBUG] stats - init socket io
[2016-09-18 18:25:08.387] [DEBUG] stats - boot at port 80
[2016-09-18 18:25:08.393] [DEBUG] stats - redis init success
[2016-09-18 18:25:18.049] [INFO] stats - /#KMQ1gh9ZNPhfH9toAAAA---connection success
[2016-09-18 18:25:18.049] [INFO] stats - /#KMQ1gh9ZNPhfH9toAAAA---start auth with /socket.io/?access_token=1235&EIO=3&transport=polling&client_id=demo
[2016-09-18 18:26:32.547] [DEBUG] stats - init socket io
[2016-09-18 18:26:32.693] [DEBUG] stats - boot at port 80
[2016-09-18 18:26:32.699] [DEBUG] stats - redis init success
[2016-09-18 18:26:32.758] [INFO] stats - /#4s8qu78_cLpe8qvoAAAA---connection success
[2016-09-18 18:26:32.758] [INFO] stats - /#4s8qu78_cLpe8qvoAAAA---start auth with /socket.io/?access_token=1235&EIO=3&transport=polling&client_id=demo
[2016-09-18 18:26:36.104] [INFO] stats - /#-F5MtzrksFZZGlyzAAAB---connection success
[2016-09-18 18:26:36.105] [INFO] stats - /#-F5MtzrksFZZGlyzAAAB---start auth with /socket.io/?access_token=1235&EIO=3&transport=polling&client_id=demo
[2016-09-18 18:26:38.379] [INFO] stats - /#RnNUGdF0kYb8OrYbAAAC---connection success
[2016-09-18 18:26:38.379] [INFO] stats - /#RnNUGdF0kYb8OrYbAAAC---start auth with /socket.io/?access_token=1235&EIO=3&transport=polling&client_id=demo
[2016-09-18 18:26:49.283] [INFO] stats - /#bkVYAtAZ8BEWkLiRAAAD---connection success
[2016-09-18 18:26:49.283] [INFO] stats - /#bkVYAtAZ8BEWkLiRAAAD---start auth with /socket.io/?access_token=1235&EIO=3&transport=polling&client_id=demo
[2016-09-18 18:27:10.383] [INFO] stats - /#HDGVnwSZ12b4iA75AAAE---connection success
[2016-09-18 18:27:10.385] [INFO] stats - /#HDGVnwSZ12b4iA75AAAE---start auth with /socket.io/?access_token=1235&EIO=3&transport=polling&client_id=demo
[2016-09-18 18:28:55.388] [DEBUG] stats - init socket io
[2016-09-18 18:28:55.524] [DEBUG] stats - boot at port 80
[2016-09-18 18:28:55.530] [DEBUG] stats - redis init success
[2016-09-18 18:28:59.191] [INFO] stats - /#Op2L5BuKx6iluEEqAAAA---connection success
[2016-09-18 18:28:59.191] [INFO] stats - /#Op2L5BuKx6iluEEqAAAA---start auth with /socket.io/?access_token=1235&EIO=3&transport=polling&client_id=demo
[2016-09-18 18:29:18.970] [INFO] stats - /#KRForoqOIgx4_UtnAAAB---connection success
[2016-09-18 18:29:18.970] [INFO] stats - /#KRForoqOIgx4_UtnAAAB---start auth with /socket.io/?access_token=1235&EIO=3&transport=polling&client_id=demo
[2016-09-18 18:29:18.972] [INFO] stats - /#KRForoqOIgx4_UtnAAAB---auth success and getconnect
[2016-09-18 18:29:31.511] [INFO] stats - /#gzmx1dkaDR7PXv5uAAAC---connection success
[2016-09-18 18:29:31.511] [INFO] stats - /#gzmx1dkaDR7PXv5uAAAC---start auth with /socket.io/?access_token=1235&EIO=3&transport=polling&client_id=demo
[2016-09-18 18:30:32.508] [DEBUG] stats - init socket io
[2016-09-18 18:30:32.650] [DEBUG] stats - boot at port 80
[2016-09-18 18:30:32.655] [DEBUG] stats - redis init success
[2016-09-18 18:30:32.851] [INFO] stats - /#E3LupjCLd619pniNAAAA---connection success
[2016-09-18 18:30:32.852] [INFO] stats - /#E3LupjCLd619pniNAAAA---start auth with /socket.io/?access_token=1235&EIO=3&transport=polling&client_id=demo
[2016-09-18 18:30:42.755] [INFO] stats - /#P2GR2ni3NRqZB9LoAAAB---connection success
[2016-09-18 18:30:42.758] [INFO] stats - /#P2GR2ni3NRqZB9LoAAAB---start auth with /socket.io/?access_token=1235&EIO=3&transport=polling&client_id=demo
[2016-09-18 18:31:41.073] [INFO] stats - /#4pyUWKl-2B6l4ebNAAAC---connection success
[2016-09-18 18:31:41.074] [INFO] stats - /#4pyUWKl-2B6l4ebNAAAC---start auth with /socket.io/?access_token=1235&EIO=3&transport=polling&client_id=demo
